  Servidor-Proy3-ED-V1.cpp
C:\Users\rmcor\Documents\Projectos de Visual Studio\Servidor-Proy3-ED-V1.2\Servidor-Proy3-ED-V1\proyecto3_ED-main\LectorCola.cpp(215,17): warning C4101: 'aux': variable local sin referencia
C:\Users\rmcor\Documents\Projectos de Visual Studio\Servidor-Proy3-ED-V1.2\Servidor-Proy3-ED-V1\proyecto3_ED-main\LectorCola.cpp(287,14): warning C4309: '=': truncamiento de valor constante
C:\Users\rmcor\Documents\Projectos de Visual Studio\Servidor-Proy3-ED-V1.2\Servidor-Proy3-ED-V1\proyecto3_ED-main\LectorCola.cpp(375,12): warning C4309: '=': truncamiento de valor constante
C:\Users\rmcor\Documents\Projectos de Visual Studio\Servidor-Proy3-ED-V1.2\Servidor-Proy3-ED-V1\proyecto3_ED-main\Codigo\7BPersonas.cpp(273,11): warning C4553: "==": el resultado de la expresión no se usa. ¿Quiso decir "="?
C:\Users\rmcor\Documents\Projectos de Visual Studio\Servidor-Proy3-ED-V1.2\Servidor-Proy3-ED-V1\proyecto3_ED-main\principal.h(36,18): warning C4101: 'ldcp': variable local sin referencia
C:\Users\rmcor\Documents\Projectos de Visual Studio\Servidor-Proy3-ED-V1.2\Servidor-Proy3-ED-V1\proyecto3_ED-main\principal.h(58,9): warning C4101: 'temp8': variable local sin referencia
C:\Users\rmcor\Documents\Projectos de Visual Studio\Servidor-Proy3-ED-V1.2\Servidor-Proy3-ED-V1\proyecto3_ED-main\principal.h(679,9): warning C4101: 'var': variable local sin referencia
C:\Users\rmcor\Documents\Projectos de Visual Studio\Servidor-Proy3-ED-V1.2\Servidor-Proy3-ED-V1\proyecto3_ED-main\principal.h(2056,18): warning C4101: 'ldcp': variable local sin referencia
C:\Users\rmcor\Documents\Projectos de Visual Studio\Servidor-Proy3-ED-V1.2\Servidor-Proy3-ED-V1\proyecto3_ED-main\principal.h(2059,21): warning C4101: 'habitacion': variable local sin referencia
C:\Users\rmcor\Documents\Projectos de Visual Studio\Servidor-Proy3-ED-V1.2\Servidor-Proy3-ED-V1\proyecto3_ED-main\principal.h(2691,9): warning C4101: 'sosten3': variable local sin referencia
C:\Users\rmcor\Documents\Projectos de Visual Studio\Servidor-Proy3-ED-V1.2\Servidor-Proy3-ED-V1\proyecto3_ED-main\principal.h(2697,18): warning C4101: 'Usio': variable local sin referencia
C:\Users\rmcor\Documents\Projectos de Visual Studio\Servidor-Proy3-ED-V1.2\Servidor-Proy3-ED-V1\proyecto3_ED-main\principal.h(2683,9): warning C4101: 'nodoubicacion': variable local sin referencia
C:\Users\rmcor\Documents\Projectos de Visual Studio\Servidor-Proy3-ED-V1.2\Servidor-Proy3-ED-V1\proyecto3_ED-main\principal.h(2696,18): warning C4101: 'AdminHs': variable local sin referencia
C:\Users\rmcor\Documents\Projectos de Visual Studio\Servidor-Proy3-ED-V1.2\Servidor-Proy3-ED-V1\proyecto3_ED-main\principal.h(2689,9): warning C4101: 'sosten1': variable local sin referencia
C:\Users\rmcor\Documents\Projectos de Visual Studio\Servidor-Proy3-ED-V1.2\Servidor-Proy3-ED-V1\proyecto3_ED-main\principal.h(2695,18): warning C4101: 'AdminAs': variable local sin referencia
C:\Users\rmcor\Documents\Projectos de Visual Studio\Servidor-Proy3-ED-V1.2\Servidor-Proy3-ED-V1\proyecto3_ED-main\principal.h(2690,9): warning C4101: 'sosten2': variable local sin referencia
C:\Users\rmcor\Documents\Projectos de Visual Studio\Servidor-Proy3-ED-V1.2\Servidor-Proy3-ED-V1\proyecto3_ED-main\principal.h(2684,9): warning C4101: 'entradaInt': variable local sin referencia
C:\Users\rmcor\Documents\Projectos de Visual Studio\Servidor-Proy3-ED-V1.2\Servidor-Proy3-ED-V1\funciones.h(80,23): warning C4018: '<': no coinciden signed/unsigned
C:\Users\rmcor\Documents\Projectos de Visual Studio\Servidor-Proy3-ED-V1.2\Servidor-Proy3-ED-V1\proyecto3_ED-main\Codigo\1RNHabitaciones.cpp(1062): warning C4715: 'ArbolRN_Habitaciones::MostrarNodo': no todas las rutas de acceso de control devuelven un valor
C:\Users\rmcor\Documents\Projectos de Visual Studio\Servidor-Proy3-ED-V1.2\Servidor-Proy3-ED-V1\proyecto3_ED-main\Codigo\6AACarros.cpp(651): warning C4715: 'ArbolAA_Carros::MostrarNodo': no todas las rutas de acceso de control devuelven un valor
C:\Users\rmcor\Documents\Projectos de Visual Studio\Servidor-Proy3-ED-V1.2\Servidor-Proy3-ED-V1\proyecto3_ED-main\Codigo\10LDCReservaciones.cpp(724): warning C4715: 'LDCReservaciones::MostrarNodo': no todas las rutas de acceso de control devuelven un valor
C:\Users\rmcor\Documents\Projectos de Visual Studio\Servidor-Proy3-ED-V1.2\Servidor-Proy3-ED-V1\proyecto3_ED-main\Codigo\10LDCReservaciones.cpp(735): warning C4715: 'LDCReservaciones::MostrarNodo': no todas las rutas de acceso de control devuelven un valor
  Servidor-Proy3-ED-V1.vcxproj -> C:\Users\rmcor\Documents\Projectos de Visual Studio\Servidor-Proy3-ED-V1.2\Debug\Servidor-Proy3-ED-V1.exe
